<?xml version="1.0" encoding="UTF-8"?><testsuite name="nosetests" tests="55" errors="0" failures="0" skip="0"><testcase classname="test_campaign.CampaignTestCase" name="test_double_input_inside_builder" time="0.001"></testcase><testcase classname="test_campaign.CampaignTestCase" name="test_double_xp_ware_inside_builder" time="0.000"></testcase><testcase classname="test_campaign.CampaignTestCase" name="test_double_xp_ware_inside_builder_condition" time="0.000"></testcase><testcase classname="test_campaign.CampaignTestCase" name="test_failed_build_campaign_key_error" time="0.000"></testcase><testcase classname="test_campaign.CampaignTestCase" name="test_failed_build_campaign_list_type_error" time="0.000"></testcase><testcase classname="test_campaign.CampaignTestCase" name="test_failed_build_campaign_type_error" time="0.000"></testcase><testcase classname="test_campaign.CampaignTestCase" name="test_success_access_campaign_attr" time="0.000"></testcase><testcase classname="test_campaign.CampaignTestCase" name="test_success_access_campaign_item" time="0.000"></testcase><testcase classname="test_campaign.CampaignTestCase" name="test_success_build_campaign" time="0.000"></testcase><testcase classname="test_campaign.CampaignTestCase" name="test_success_export_campaign" time="0.001"></testcase><testcase classname="test_global.MyTestCase" name="test_equalities" time="0.138"></testcase><testcase classname="test_typing.MyTestCase" name="test_attr_set_float" time="0.000"></testcase><testcase classname="test_typing.MyTestCase" name="test_attr_set_integer" time="0.000"></testcase><testcase classname="test_typing.MyTestCase" name="test_float" time="0.000"></testcase><testcase classname="test_typing.MyTestCase" name="test_integer" time="0.000"></testcase><testcase classname="test_config.TestReadConfiguration" name="test_flat_dir" time="0.023"></testcase><testcase classname="test_config.TestReadConfiguration" name="test_multi_csv_with_custom_separator_and_no_header" time="0.010"></testcase><testcase classname="test_config.TestReadConfiguration" name="test_sat_competition" time="0.041"></testcase><testcase classname="test_pattern.TestCompileAllRegexes" name="test_error_when_no_group" time="0.000"></testcase><testcase classname="test_pattern.TestCompileNamedPattern" name="test_compile_any" time="0.000"></testcase><testcase classname="test_pattern.TestCompileNamedPattern" name="test_compile_boolean" time="0.001"></testcase><testcase classname="test_pattern.TestCompileNamedPattern" name="test_compile_integer" time="0.000"></testcase><testcase classname="test_pattern.TestCompileNamedPattern" name="test_compile_real" time="0.001"></testcase><testcase classname="test_pattern.TestCompileNamedPattern" name="test_compile_word" time="0.000"></testcase><testcase classname="test_pattern.TestCompileNamedPattern" name="test_error_when_no_pattern" time="0.000"></testcase><testcase classname="test_pattern.TestCompileNamedPattern" name="test_escape_characters" time="0.001"></testcase><testcase classname="test_pattern.TestCompileRegex" name="test_error_when_not_enough_groups" time="0.001"></testcase><testcase classname="test_pattern.TestCompileRegex" name="test_multiple_groups" time="0.000"></testcase><testcase classname="test_pattern.TestCompileRegex" name="test_one_group" time="0.000"></testcase><testcase classname="test_pattern.TestCompileRegex" name="test_one_group_with_non_capturing_group" time="0.000"></testcase><testcase classname="test_dataframe.TestCampaignDataFrameBuilder" name="test_add_vbs" time="0.008"></testcase><testcase classname="test_dataframe.TestCampaignDataFrameBuilder" name="test_data_frame" time="0.000"></testcase><testcase classname="test_dataframe.TestCampaignDataFrameBuilder" name="test_delete_common_solved" time="0.004"></testcase><testcase classname="test_dataframe.TestCampaignDataFrameBuilder" name="test_delete_common_timeout" time="0.002"></testcase><testcase classname="test_dataframe.TestCampaignDataFrameBuilder" name="test_delete_solved" time="0.001"></testcase><testcase classname="test_dataframe.TestCampaignDataFrameBuilder" name="test_delete_timeout" time="0.001"></testcase><testcase classname="test_dataframe.TestCampaignDataFrameBuilder" name="test_groupby" time="0.022"></testcase><testcase classname="test_dataframe.TestCampaignDataFrameBuilder" name="test_only_common_solved" time="0.002"></testcase><testcase classname="test_dataframe.TestCampaignDataFrameBuilder" name="test_only_common_timeout" time="0.002"></testcase><testcase classname="test_dataframe.TestCampaignDataFrameBuilder" name="test_sub_experiment_ware" time="0.001"></testcase><testcase classname="test_dataframe.TestCampaignDataFrameBuilder" name="test_sub_input" time="0.001"></testcase><testcase classname="test_dataframe.TestCampaignDataFrameBuilderSubWare" name="test_delete_common_solved" time="0.004"></testcase><testcase classname="test_dataframe.TestCampaignDataFrameBuilderSubWare" name="test_get_xpware_name_list" time="0.000"></testcase><testcase classname="test_dataframe.TestCampaignDataFrameBuilderSubWare" name="test_groupby" time="0.022"></testcase><testcase classname="test_dataframe.TestCampaignDataFrameBuilderVBS" name="test_delete_common_solved" time="0.004"></testcase><testcase classname="test_dataframe.TestCampaignDataFrameBuilderVBS" name="test_get_xpware_name_list" time="0.000"></testcase><testcase classname="test_dataframe.TestCampaignDataFrameBuilderVBS" name="test_groupby" time="0.022"></testcase><testcase classname="test_figure.MyTestCase" name="test_box" time="5.030"></testcase><testcase classname="test_figure.MyTestCase" name="test_contribution_table" time="1.763"></testcase><testcase classname="test_figure.MyTestCase" name="test_scatter" time="1.357"></testcase><testcase classname="test_figure.MyTestCase" name="test_stat_table_no_vbs" time="0.283"></testcase><testcase classname="test_figure.MyTestCase" name="test_stat_table_sub_set_inputs" time="0.301"></testcase><testcase classname="test_figure.MyTestCase" name="test_stat_table_sub_set_xpware" time="0.274"></testcase><testcase classname="test_figure.MyTestCase" name="test_stat_table_vbs" time="0.316"></testcase><testcase classname="test_figure.MyTestCase" name="test_static_cactus_and_cdf" time="2.012"></testcase></testsuite>